<?xml version="1.0" encoding="UTF-8"?>
<testsuite xmlns:xsi="http://www.w3.org/2001/XMLSchema-instance" xsi:noNamespaceSchemaLocation="https://maven.apache.org/surefire/maven-surefire-plugin/xsd/surefire-test-report.xsd" name="com.lindazf.login.jwt.web.UserControllerTest" time="0.002" tests="6" errors="0" skipped="0" failures="0">
  <properties>
[...]
</properties>
  <testcase name="getInternalUserByToken" classname="com.lindazf.login.jwt.web.UserControllerTest" time="0"/>
  <testcase name="updateUsers" classname="com.lindazf.login.jwt.web.UserControllerTest" time="0"/>
  <testcase name="login" classname="com.lindazf.login.jwt.web.UserControllerTest" time="0"/>
  <testcase name="createUser" classname="com.lindazf.login.jwt.web.UserControllerTest" time="0"/>
  <testcase name="deleteUser" classname="com.lindazf.login.jwt.web.UserControllerTest" time="0"/>
  <testcase name="findAllUsers" classname="com.lindazf.login.jwt.web.UserControllerTest" time="0"/>
</testsuite>